#
# A fatal error has been detected by the Java Runtime Environment:
#
#  EXCEPTION_ACCESS_VIOLATION (0xc0000005) at pc=0x000000005a4282b5, pid=17068, tid=15004
#
# JRE version: Java(TM) SE Runtime Environment (8.0_45-b14) (build 1.8.0_45-b14)
# Java VM: Java HotSpot(TM) 64-Bit Server VM (25.45-b02 mixed mode windows-amd64 compressed oops)
# Problematic frame:
# V  [jvm.dll+0x1282b5]
#
# Failed to write core dump. Minidumps are not enabled by default on client versions of Windows
#
# If you would like to submit a bug report, please visit:
#   http://bugreport.java.com/bugreport/crash.jsp
#

---------------  T H R E A D  ---------------

Current thread (0x0000000019991000):  JavaThread "JDWP Transport Listener: dt_socket" daemon [_thread_in_vm, id=15004, stack(0x000000001a3b0000,0x000000001a4b0000)]

siginfo: ExceptionCode=0xc0000005, reading address 0xffffffffffffffff

Registers:
RAX=0x000000001a4af901, RBX=0x0000000019991000, RCX=0x696c61697265532f, RDX=0x0000000000000000
RSP=0x000000001a4af8d0, RBP=0x696c61697265532f, RSI=0x000000001a4af9e8, RDI=0x0000000002839380
R8 =0x0000000019991000, R9 =0x0000000000000000, R10=0x0000000000000000, R11=0x0000000000000064
R12=0x0000000000000000, R13=0x000000001999beb8, R14=0x0000000000000000, R15=0x0000000000000000
RIP=0x000000005a4282b5, EFLAGS=0x0000000000010202

Top of Stack: (sp=0x000000001a4af8d0)
0x000000001a4af8d0:   0000000019991000 0000000019991000
0x000000001a4af8e0:   000000001a4af998 000000005a62c7db
0x000000001a4af8f0:   0000000019991000 000000005a64903d
0x000000001a4af900:   0000000000000000 00000000025b9155
0x000000001a4af910:   000000001ad07418 00000000025c291e
0x000000001a4af920:   0000000019991000 0000000000000000
0x000000001a4af930:   0000000000000000 0000000000000000
0x000000001a4af940:   696c61697265532f 00000000025c1a15
0x000000001a4af950:   000000001a4af9e8 000000001a4af9c0
0x000000001a4af960:   0000000000000001 000000001ad07418
0x000000001a4af970:   696c61697265532f 00000000025a53b3
0x000000001a4af980:   000000001a4afab0 0000000000000001
0x000000001a4af990:   0000000000000001 000000001ad07418
0x000000001a4af9a0:   000000000000000a 0000000000000000
0x000000001a4af9b0:   0000000000000000 0000000000000000
0x000000001a4af9c0:   0000000000000001 00000000025a5571 

Instructions: (pc=0x000000005a4282b5)
0x000000005a428295:   cc cc cc cc cc cc cc cc cc cc cc 48 83 ec 28 48
0x000000005a4282a5:   85 c9 75 07 33 c0 48 83 c4 28 c3 48 89 5c 24 20
0x000000005a4282b5:   48 8b 19 48 85 db 74 20 48 83 fb 37 74 1a 48 8b
0x000000005a4282c5:   13 48 8b cb ff 52 10 84 c0 74 0d 48 8b c3 48 8b 


Register to memory mapping:

RAX=0x000000001a4af901 is pointing into the stack for thread: 0x0000000019991000
RBX=0x0000000019991000 is a thread
RCX=0x696c61697265532f is an unknown value
RDX=0x0000000000000000 is an unknown value
RSP=0x000000001a4af8d0 is pointing into the stack for thread: 0x0000000019991000
RBP=0x696c61697265532f is an unknown value
RSI=0x000000001a4af9e8 is pointing into the stack for thread: 0x0000000019991000
RDI=0x0000000002839380 is an unknown value
R8 =0x0000000019991000 is a thread
R9 =0x0000000000000000 is an unknown value
R10=0x0000000000000000 is an unknown value
R11=0x0000000000000064 is an unknown value
R12=0x0000000000000000 is an unknown value
R13=0x000000001999beb8 is an unknown value
R14=0x0000000000000000 is an unknown value
R15=0x0000000000000000 is an unknown value


Stack: [0x000000001a3b0000,0x000000001a4b0000],  sp=0x000000001a4af8d0,  free space=1022k
Native frames: (J=compiled Java code, j=interpreted, Vv=VM code, C=native code)
V  [jvm.dll+0x1282b5]
V  [jvm.dll+0x34903d]
C  [jdwp.dll+0x21a15]
C  [jdwp.dll+0x53b3]
C  [jdwp.dll+0x5571]
C  [jdwp.dll+0xf0a8]
C  [jdwp.dll+0x1f2d5]
C  [jdwp.dll+0x1f4aa]
V  [jvm.dll+0x1bae98]
V  [jvm.dll+0x241984]
V  [jvm.dll+0x29853a]
C  [msvcr100.dll+0x21d9f]
C  [msvcr100.dll+0x21e3b]
C  [KERNEL32.DLL+0x18102]
C  [ntdll.dll+0x5c5b4]


---------------  P R O C E S S  ---------------

Java Threads: ( => current thread )
  0x0000000019a42800 JavaThread "Service Thread" daemon [_thread_blocked, id=11716, stack(0x000000001aab0000,0x000000001abb0000)]
  0x00000000199b9800 JavaThread "C1 CompilerThread3" daemon [_thread_blocked, id=13848, stack(0x000000001a9b0000,0x000000001aab0000)]
  0x00000000199b8800 JavaThread "C2 CompilerThread2" daemon [_thread_blocked, id=9040, stack(0x000000001a8b0000,0x000000001a9b0000)]
  0x00000000199b8000 JavaThread "C2 CompilerThread1" daemon [_thread_blocked, id=5620, stack(0x000000001a7b0000,0x000000001a8b0000)]
  0x00000000199ae800 JavaThread "C2 CompilerThread0" daemon [_thread_blocked, id=12548, stack(0x000000001a6b0000,0x000000001a7b0000)]
  0x00000000199a3800 JavaThread "JDWP Command Reader" daemon [_thread_in_native, id=15800, stack(0x000000001a5b0000,0x000000001a6b0000)]
  0x000000001999e800 JavaThread "JDWP Event Helper Thread" daemon [_thread_blocked, id=14780, stack(0x000000001a4b0000,0x000000001a5b0000)]
=>0x0000000019991000 JavaThread "JDWP Transport Listener: dt_socket" daemon [_thread_in_vm, id=15004, stack(0x000000001a3b0000,0x000000001a4b0000)]
  0x0000000019987000 JavaThread "Attach Listener" daemon [_thread_blocked, id=16276, stack(0x0000000019e60000,0x0000000019f60000)]
  0x0000000019986000 JavaThread "Signal Dispatcher" daemon [_thread_blocked, id=15108, stack(0x0000000019d60000,0x0000000019e60000)]
  0x0000000002939800 JavaThread "Finalizer" daemon [_thread_blocked, id=12768, stack(0x0000000019860000,0x0000000019960000)]
  0x0000000002933000 JavaThread "Reference Handler" daemon [_thread_blocked, id=14568, stack(0x0000000019760000,0x0000000019860000)]
  0x000000000283e000 JavaThread "main" [_thread_blocked, id=8172, stack(0x00000000026f0000,0x00000000027f0000)]

Other Threads:
  0x0000000017969800 VMThread [stack: 0x0000000019660000,0x0000000019760000] [id=5248]
  0x0000000019a43800 WatcherThread [stack: 0x000000001abb0000,0x000000001acb0000] [id=1332]

VM state:not at safepoint (normal execution)

VM Mutex/Monitor currently owned by a thread: None

Heap:
 PSYoungGen      total 142336K, used 29954K [0x00000000d5980000, 0x00000000e7680000, 0x0000000100000000)
  eden space 132096K, 14% used [0x00000000d5980000,0x00000000d6cc8870,0x00000000dda80000)
  from space 10240K, 99% used [0x00000000dda80000,0x00000000de478368,0x00000000de480000)
  to   space 13824K, 0% used [0x00000000e6900000,0x00000000e6900000,0x00000000e7680000)
 ParOldGen       total 87552K, used 6964K [0x0000000080c00000, 0x0000000086180000, 0x00000000d5980000)
  object space 87552K, 7% used [0x0000000080c00000,0x00000000812cd088,0x0000000086180000)
 Metaspace       used 3742K, capacity 4534K, committed 4864K, reserved 1056768K
  class space    used 423K, capacity 426K, committed 512K, reserved 1048576K

Card table byte_map: [0x0000000011d00000,0x0000000012100000] byte_map_base: 0x00000000118fa000

Marking Bits: (ParMarkBitMap*) 0x000000005ab04040
 Begin Bits: [0x0000000012bb0000, 0x0000000014b80000)
 End Bits:   [0x0000000014b80000, 0x0000000016b50000)

Polling page: 0x0000000002580000

CodeCache: size=245760Kb used=2050Kb max_used=2059Kb free=243709Kb
 bounds [0x0000000002940000, 0x0000000002bb0000, 0x0000000011940000]
 total_blobs=569 nmethods=311 adapters=179
 compilation: enabled

Compilation events (10 events):
Event: 0.665 Thread 0x00000000199b8800 nmethod 308 0x0000000002b2e210 code [0x0000000002b2e360, 0x0000000002b2e6b8]
Event: 0.675 Thread 0x00000000199ae800  309       4       java.util.Scanner::hasNextLine (75 bytes)
Event: 0.698 Thread 0x00000000199b8000 nmethod 267 0x0000000002b34f10 code [0x0000000002b352a0, 0x0000000002b39fc0]
Event: 0.727 Thread 0x00000000199b9800  310 %     3       Places::<init> @ 41 (84 bytes)
Event: 0.728 Thread 0x00000000199b9800 nmethod 310% 0x0000000002b32310 code [0x0000000002b32640, 0x0000000002b33d78]
Event: 0.730 Thread 0x00000000199ae800 nmethod 309 0x0000000002b44a50 code [0x0000000002b44ce0, 0x0000000002b47130]
Event: 0.730 Thread 0x00000000199b9800  311       3       Places::<init> (84 bytes)
Event: 0.732 Thread 0x00000000199b9800 nmethod 311 0x0000000002b2f890 code [0x0000000002b2fbc0, 0x0000000002b31218]
Event: 0.783 Thread 0x00000000199b9800  312       1       java.nio.DirectByteBuffer::address (5 bytes)
Event: 0.783 Thread 0x00000000199b9800 nmethod 312 0x0000000002b1f290 code [0x0000000002b1f3e0, 0x0000000002b1f4f0]

GC Heap History (10 events):
Event: 0.534 GC heap before
{Heap before GC invocations=3 (full 0):
 PSYoungGen      total 38400K, used 36646K [0x00000000d5980000, 0x00000000da480000, 0x0000000100000000)
  eden space 33280K, 100% used [0x00000000d5980000,0x00000000d7a00000,0x00000000d7a00000)
  from space 5120K, 65% used [0x00000000d7f00000,0x00000000d8249bb8,0x00000000d8400000)
  to   space 5120K, 0% used [0x00000000d7a00000,0x00000000d7a00000,0x00000000d7f00000)
 ParOldGen       total 87552K, used 16K [0x0000000080c00000, 0x0000000086180000, 0x00000000d5980000)
  object space 87552K, 0% used [0x0000000080c00000,0x0000000080c04000,0x0000000086180000)
 Metaspace       used 3713K, capacity 4530K, committed 4864K, reserved 1056768K
  class space    used 421K, capacity 426K, committed 512K, reserved 1048576K
Event: 0.539 GC heap after
Heap after GC invocations=3 (full 0):
 PSYoungGen      total 38400K, used 4642K [0x00000000d5980000, 0x00000000da480000, 0x0000000100000000)
  eden space 33280K, 0% used [0x00000000d5980000,0x00000000d5980000,0x00000000d7a00000)
  from space 5120K, 90% used [0x00000000d7a00000,0x00000000d7e88980,0x00000000d7f00000)
  to   space 5120K, 0% used [0x00000000d9f80000,0x00000000d9f80000,0x00000000da480000)
 ParOldGen       total 87552K, used 24K [0x0000000080c00000, 0x0000000086180000, 0x00000000d5980000)
  object space 87552K, 0% used [0x0000000080c00000,0x0000000080c06000,0x0000000086180000)
 Metaspace       used 3713K, capacity 4530K, committed 4864K, reserved 1056768K
  class space    used 421K, capacity 426K, committed 512K, reserved 1048576K
}
Event: 0.568 GC heap before
{Heap before GC invocations=4 (full 0):
 PSYoungGen      total 38400K, used 37922K [0x00000000d5980000, 0x00000000da480000, 0x0000000100000000)
  eden space 33280K, 100% used [0x00000000d5980000,0x00000000d7a00000,0x00000000d7a00000)
  from space 5120K, 90% used [0x00000000d7a00000,0x00000000d7e88980,0x00000000d7f00000)
  to   space 5120K, 0% used [0x00000000d9f80000,0x00000000d9f80000,0x00000000da480000)
 ParOldGen       total 87552K, used 24K [0x0000000080c00000, 0x0000000086180000, 0x00000000d5980000)
  object space 87552K, 0% used [0x0000000080c00000,0x0000000080c06000,0x0000000086180000)
 Metaspace       used 3720K, capacity 4530K, committed 4864K, reserved 1056768K
  class space    used 421K, capacity 426K, committed 512K, reserved 1048576K
Event: 0.573 GC heap after
Heap after GC invocations=4 (full 0):
 PSYoungGen      total 71680K, used 5099K [0x00000000d5980000, 0x00000000da480000, 0x0000000100000000)
  eden space 66560K, 0% used [0x00000000d5980000,0x00000000d5980000,0x00000000d9a80000)
  from space 5120K, 99% used [0x00000000d9f80000,0x00000000da47ae28,0x00000000da480000)
  to   space 5120K, 0% used [0x00000000d9a80000,0x00000000d9a80000,0x00000000d9f80000)
 ParOldGen       total 87552K, used 960K [0x0000000080c00000, 0x0000000086180000, 0x00000000d5980000)
  object space 87552K, 1% used [0x0000000080c00000,0x0000000080cf0000,0x0000000086180000)
 Metaspace       used 3720K, capacity 4530K, committed 4864K, reserved 1056768K
  class space    used 421K, capacity 426K, committed 512K, reserved 1048576K
}
Event: 0.630 GC heap before
{Heap before GC invocations=5 (full 0):
 PSYoungGen      total 71680K, used 71659K [0x00000000d5980000, 0x00000000da480000, 0x0000000100000000)
  eden space 66560K, 100% used [0x00000000d5980000,0x00000000d9a80000,0x00000000d9a80000)
  from space 5120K, 99% used [0x00000000d9f80000,0x00000000da47ae28,0x00000000da480000)
  to   space 5120K, 0% used [0x00000000d9a80000,0x00000000d9a80000,0x00000000d9f80000)
 ParOldGen       total 87552K, used 960K [0x0000000080c00000, 0x0000000086180000, 0x00000000d5980000)
  object space 87552K, 1% used [0x0000000080c00000,0x0000000080cf0000,0x0000000086180000)
 Metaspace       used 3725K, capacity 4530K, committed 4864K, reserved 1056768K
  class space    used 421K, capacity 426K, committed 512K, reserved 1048576K
Event: 0.636 GC heap after
Heap after GC invocations=5 (full 0):
 PSYoungGen      total 71680K, used 5113K [0x00000000d5980000, 0x00000000ded80000, 0x0000000100000000)
  eden space 66560K, 0% used [0x00000000d5980000,0x00000000d5980000,0x00000000d9a80000)
  from space 5120K, 99% used [0x00000000d9a80000,0x00000000d9f7e520,0x00000000d9f80000)
  to   space 9216K, 0% used [0x00000000de480000,0x00000000de480000,0x00000000ded80000)
 ParOldGen       total 87552K, used 3712K [0x0000000080c00000, 0x0000000086180000, 0x00000000d5980000)
  object space 87552K, 4% used [0x0000000080c00000,0x0000000080fa0000,0x0000000086180000)
 Metaspace       used 3725K, capacity 4530K, committed 4864K, reserved 1056768K
  class space    used 421K, capacity 426K, committed 512K, reserved 1048576K
}
Event: 0.683 GC heap before
{Heap before GC invocations=6 (full 0):
 PSYoungGen      total 71680K, used 71673K [0x00000000d5980000, 0x00000000ded80000, 0x0000000100000000)
  eden space 66560K, 100% used [0x00000000d5980000,0x00000000d9a80000,0x00000000d9a80000)
  from space 5120K, 99% used [0x00000000d9a80000,0x00000000d9f7e520,0x00000000d9f80000)
  to   space 9216K, 0% used [0x00000000de480000,0x00000000de480000,0x00000000ded80000)
 ParOldGen       total 87552K, used 3712K [0x0000000080c00000, 0x0000000086180000, 0x00000000d5980000)
  object space 87552K, 4% used [0x0000000080c00000,0x0000000080fa0000,0x0000000086180000)
 Metaspace       used 3725K, capacity 4530K, committed 4864K, reserved 1056768K
  class space    used 421K, capacity 426K, committed 512K, reserved 1048576K
Event: 0.690 GC heap after
Heap after GC invocations=6 (full 0):
 PSYoungGen      total 141312K, used 8005K [0x00000000d5980000, 0x00000000def80000, 0x0000000100000000)
  eden space 132096K, 0% used [0x00000000d5980000,0x00000000d5980000,0x00000000dda80000)
  from space 9216K, 86% used [0x00000000de480000,0x00000000dec517b0,0x00000000ded80000)
  to   space 10240K, 0% used [0x00000000dda80000,0x00000000dda80000,0x00000000de480000)
 ParOldGen       total 87552K, used 3712K [0x0000000080c00000, 0x0000000086180000, 0x00000000d5980000)
  object space 87552K, 4% used [0x0000000080c00000,0x0000000080fa0000,0x0000000086180000)
 Metaspace       used 3725K, capacity 4530K, committed 4864K, reserved 1056768K
  class space    used 421K, capacity 426K, committed 512K, reserved 1048576K
}
Event: 0.791 GC heap before
{Heap before GC invocations=7 (full 0):
 PSYoungGen      total 141312K, used 140101K [0x00000000d5980000, 0x00000000def80000, 0x0000000100000000)
  eden space 132096K, 100% used [0x00000000d5980000,0x00000000dda80000,0x00000000dda80000)
  from space 9216K, 86% used [0x00000000de480000,0x00000000dec517b0,0x00000000ded80000)
  to   space 10240K, 0% used [0x00000000dda80000,0x00000000dda80000,0x00000000de480000)
 ParOldGen       total 87552K, used 3712K [0x0000000080c00000, 0x0000000086180000, 0x00000000d5980000)
  object space 87552K, 4% used [0x0000000080c00000,0x0000000080fa0000,0x0000000086180000)
 Metaspace       used 3733K, capacity 4530K, committed 4864K, reserved 1056768K
  class space    used 421K, capacity 426K, committed 512K, reserved 1048576K
Event: 0.801 GC heap after
Heap after GC invocations=7 (full 0):
 PSYoungGen      total 142336K, used 10208K [0x00000000d5980000, 0x00000000e7680000, 0x0000000100000000)
  eden space 132096K, 0% used [0x00000000d5980000,0x00000000d5980000,0x00000000dda80000)
  from space 10240K, 99% used [0x00000000dda80000,0x00000000de478368,0x00000000de480000)
  to   space 13824K, 0% used [0x00000000e6900000,0x00000000e6900000,0x00000000e7680000)
 ParOldGen       total 87552K, used 6964K [0x0000000080c00000, 0x0000000086180000, 0x00000000d5980000)
  object space 87552K, 7% used [0x0000000080c00000,0x00000000812cd088,0x0000000086180000)
 Metaspace       used 3733K, capacity 4530K, committed 4864K, reserved 1056768K
  class space    used 421K, capacity 426K, committed 512K, reserved 1048576K
}

Deoptimization events (10 events):
Event: 0.385 Thread 0x000000000283e000 Uncommon trap: reason=array_check action=maybe_recompile pc=0x0000000002adede8 method=java.util.AbstractCollection.toArray([Ljava/lang/Object;)[Ljava/lang/Object; @ 119
Event: 0.385 Thread 0x000000000283e000 Uncommon trap: reason=array_check action=maybe_recompile pc=0x0000000002adede8 method=java.util.AbstractCollection.toArray([Ljava/lang/Object;)[Ljava/lang/Object; @ 119
Event: 0.407 Thread 0x000000000283e000 Uncommon trap: reason=unstable_if action=reinterpret pc=0x0000000002aa5450 method=java.util.regex.Pattern$BitClass.isSatisfiedBy(I)Z @ 13
Event: 0.408 Thread 0x000000000283e000 Uncommon trap: reason=class_check action=maybe_recompile pc=0x0000000002a84bac method=java.util.regex.Pattern$CharProperty.match(Ljava/util/regex/Matcher;ILjava/lang/CharSequence;)Z @ 37
Event: 0.410 Thread 0x000000000283e000 Uncommon trap: reason=unstable_if action=reinterpret pc=0x0000000002aa2b1c method=java.util.regex.Pattern$BitClass.isSatisfiedBy(I)Z @ 13
Event: 0.410 Thread 0x000000000283e000 Uncommon trap: reason=class_check action=maybe_recompile pc=0x0000000002a84bac method=java.util.regex.Pattern$CharProperty.match(Ljava/util/regex/Matcher;ILjava/lang/CharSequence;)Z @ 37
Event: 0.439 Thread 0x000000000283e000 Uncommon trap: reason=class_check action=maybe_recompile pc=0x0000000002a84bac method=java.util.regex.Pattern$CharProperty.match(Ljava/util/regex/Matcher;ILjava/lang/CharSequence;)Z @ 37
Event: 0.441 Thread 0x000000000283e000 Uncommon trap: reason=class_check action=maybe_recompile pc=0x0000000002a84bac method=java.util.regex.Pattern$CharProperty.match(Ljava/util/regex/Matcher;ILjava/lang/CharSequence;)Z @ 37
Event: 0.652 Thread 0x000000000283e000 Uncommon trap: reason=unstable_if action=reinterpret pc=0x0000000002b24d50 method=sun.nio.cs.StreamDecoder.implRead([CII)I @ 87
Event: 0.811 Thread 0x000000000283e000 Uncommon trap: reason=unstable_if action=reinterpret pc=0x0000000002aea778 method=java.lang.String.trim()Ljava/lang/String; @ 15

Internal exceptions (6 events):
Event: 0.036 Thread 0x000000000283e000 Exception <a 'java/lang/NoSuchMethodError': Method sun.misc.Unsafe.defineClass(Ljava/lang/String;[BII)Ljava/lang/Class; name or signature does not match> (0x00000000d598dc90) thrown at [C:\re\workspace\8-2-build-windows-amd64-cygwin\jdk8u45\3457\hotspot\sr²Á9”ëy¢?
Event: 0.036 Thread 0x000000000283e000 Exception <a 'java/lang/NoSuchMethodError': Method sun.misc.Unsafe.prefetchRead(Ljava/lang/Object;J)V name or signature does not match> (0x00000000d598df20) thrown at [C:\re\workspace\8-2-build-windows-amd64-cygwin\jdk8u45\3457\hotspot\src\share\vm\prims\jÓA£ŒýÒ?
Event: 0.282 Thread 0x000000000283e000 Exception <a 'java/security/PrivilegedActionException'> (0x00000000d5c35f00) thrown at [C:\re\workspace\8-2-build-windows-amd64-cygwin\jdk8u45\3457\hotspot\src\share\vm\prims\jvm.cpp, line 1382]
Event: 0.282 Thread 0x000000000283e000 Exception <a 'java/security/PrivilegedActionException'> (0x00000000d5c36248) thrown at [C:\re\workspace\8-2-build-windows-amd64-cygwin\jdk8u45\3457\hotspot\src\share\vm\prims\jvm.cpp, line 1382]
Event: 0.283 Thread 0x000000000283e000 Exception <a 'java/security/PrivilegedActionException'> (0x00000000d5c39ed0) thrown at [C:\re\workspace\8-2-build-windows-amd64-cygwin\jdk8u45\3457\hotspot\src\share\vm\prims\jvm.cpp, line 1382]
Event: 0.283 Thread 0x000000000283e000 Exception <a 'java/security/PrivilegedActionException'> (0x00000000d5c3a218) thrown at [C:\re\workspace\8-2-build-windows-amd64-cygwin\jdk8u45\3457\hotspot\src\share\vm\prims\jvm.cpp, line 1382]

Events (10 events):
Event: 66.885 Executing VM operation: RedefineClasses
Event: 66.886 Executing VM operation: RedefineClasses done
Event: 66.887 Executing VM operation: EnterInterpOnlyMode
Event: 66.887 Executing VM operation: EnterInterpOnlyMode done
Event: 66.887 Executing VM operation: GetCurrentLocation
Event: 66.887 Executing VM operation: GetCurrentLocation done
Event: 66.887 Executing VM operation: ChangeSingleStep
Event: 66.887 Executing VM operation: ChangeSingleStep done
Event: 66.888 Executing VM operation: ChangeSingleStep
Event: 66.888 Executing VM operation: ChangeSingleStep done


Dynamic libraries:
0x00007ff7661a0000 - 0x00007ff7661d7000 	C:\Program Files\Java\jre1.8.0_45\bin\javaw.exe
0x00007fff9cdb0000 - 0x00007fff9cf71000 	C:\WINDOWS\SYSTEM32\ntdll.dll
0x00007fff9c0d0000 - 0x00007fff9c17d000 	C:\WINDOWS\system32\KERNEL32.DLL
0x00007fff99640000 - 0x00007fff99828000 	C:\WINDOWS\system32\KERNELBASE.dll
0x000000005b270000 - 0x000000005b31e000 	C:\Program Files\Bitdefender\Bitdefender 2015\Active Virus Control\Avc3_00367_044\avcuf64.dll
0x00007fff9c830000 - 0x00007fff9c8d7000 	C:\WINDOWS\system32\ADVAPI32.dll
0x00007fff9c610000 - 0x00007fff9c6ad000 	C:\WINDOWS\system32\msvcrt.dll
0x00007fff9c7d0000 - 0x00007fff9c82b000 	C:\WINDOWS\system32\sechost.dll
0x00007fff9c300000 - 0x00007fff9c41c000 	C:\WINDOWS\system32\RPCRT4.dll
0x00007fff9a1b0000 - 0x00007fff9a306000 	C:\WINDOWS\system32\USER32.dll
0x00007fff9c420000 - 0x00007fff9c5a6000 	C:\WINDOWS\system32\GDI32.dll
0x00007fff8ca00000 - 0x00007fff8cc74000 	C:\WINDOWS\WinSxS\amd64_microsoft.windows.common-controls_6595b64144ccf1df_6.0.10586.0_none_8c15ae12515e1c22\COMCTL32.dll
0x00007fff9ca60000 - 0x00007fff9ccdd000 	C:\WINDOWS\system32\combase.dll
0x00007fff99830000 - 0x00007fff9989a000 	C:\WINDOWS\system32\bcryptPrimitives.dll
0x00007fff9c2c0000 - 0x00007fff9c2fb000 	C:\WINDOWS\system32\IMM32.DLL
0x0000000002610000 - 0x00000000026e2000 	C:\Program Files\Java\jre1.8.0_45\bin\msvcr100.dll
0x000000005a300000 - 0x000000005ab83000 	C:\Program Files\Java\jre1.8.0_45\bin\server\jvm.dll
0x00007fff9a1a0000 - 0x00007fff9a1a8000 	C:\WINDOWS\system32\PSAPI.DLL
0x00007fff8b7a0000 - 0x00007fff8b7a9000 	C:\WINDOWS\SYSTEM32\WSOCK32.dll
0x00007fff9c6b0000 - 0x00007fff9c71b000 	C:\WINDOWS\system32\WS2_32.dll
0x00007fff99180000 - 0x00007fff991a3000 	C:\WINDOWS\SYSTEM32\WINMM.dll
0x00007fff95140000 - 0x00007fff9514a000 	C:\WINDOWS\SYSTEM32\VERSION.dll
0x00007fff981b0000 - 0x00007fff981dc000 	C:\WINDOWS\SYSTEM32\WINMMBASE.dll
0x00007fff99590000 - 0x00007fff995d3000 	C:\WINDOWS\system32\cfgmgr32.dll
0x0000000000e10000 - 0x0000000000e1f000 	C:\Program Files\Java\jre1.8.0_45\bin\verify.dll
0x0000000002550000 - 0x0000000002579000 	C:\Program Files\Java\jre1.8.0_45\bin\java.dll
0x00000000025a0000 - 0x00000000025d5000 	C:\Program Files\Java\jre1.8.0_45\bin\jdwp.dll
0x000000005b650000 - 0x000000005b658000 	C:\Program Files\Java\jre1.8.0_45\bin\npt.dll
0x00000000027f0000 - 0x0000000002806000 	C:\Program Files\Java\jre1.8.0_45\bin\zip.dll
0x00007fff9a310000 - 0x00007fff9b86c000 	C:\WINDOWS\system32\SHELL32.dll
0x00007fff99970000 - 0x00007fff99fb4000 	C:\WINDOWS\system32\windows.storage.dll
0x00007fff9c5b0000 - 0x00007fff9c602000 	C:\WINDOWS\system32\shlwapi.dll
0x00007fff99430000 - 0x00007fff9943f000 	C:\WINDOWS\system32\kernel.appcore.dll
0x00007fff99440000 - 0x00007fff994f5000 	C:\WINDOWS\system32\shcore.dll
0x00007fff993b0000 - 0x00007fff993fb000 	C:\WINDOWS\system32\powrprof.dll
0x00007fff99400000 - 0x00007fff99414000 	C:\WINDOWS\system32\profapi.dll
0x000000005b640000 - 0x000000005b649000 	C:\Program Files\Java\jre1.8.0_45\bin\dt_socket.dll
0x00007fff85d10000 - 0x00007fff85d26000 	C:\WINDOWS\system32\napinsp.dll
0x00007fff85cf0000 - 0x00007fff85d0a000 	C:\WINDOWS\system32\pnrpnsp.dll
0x00007fff92550000 - 0x00007fff92568000 	C:\WINDOWS\system32\NLAapi.dll
0x00007fff98c10000 - 0x00007fff98c6c000 	C:\WINDOWS\System32\mswsock.dll
0x00007fff97cf0000 - 0x00007fff97d9a000 	C:\WINDOWS\SYSTEM32\DNSAPI.dll
0x00007fff9a190000 - 0x00007fff9a198000 	C:\WINDOWS\system32\NSI.dll
0x00007fff85d50000 - 0x00007fff85d5d000 	C:\WINDOWS\System32\winrnr.dll
0x00007fff85d60000 - 0x00007fff85d75000 	C:\WINDOWS\System32\wshbth.dll
0x0000000019f60000 - 0x0000000019f86000 	C:\Program Files\Bonjour\mdnsNSP.dll
0x00007fff93120000 - 0x00007fff93158000 	C:\WINDOWS\SYSTEM32\Iphlpapi.DLL
0x00007fff8ed60000 - 0x00007fff8edc7000 	C:\WINDOWS\System32\fwpuclnt.dll
0x00007fff99150000 - 0x00007fff99179000 	C:\WINDOWS\SYSTEM32\bcrypt.dll
0x00007fff8bde0000 - 0x00007fff8bdea000 	C:\Windows\System32\rasadhlp.dll
0x0000000019fd0000 - 0x0000000019fea000 	C:\Program Files\Java\jre1.8.0_45\bin\net.dll
0x0000000019ff0000 - 0x000000001a001000 	C:\Program Files\Java\jre1.8.0_45\bin\nio.dll
0x00007fff8a990000 - 0x00007fff8ab1c000 	C:\WINDOWS\SYSTEM32\dbghelp.dll
0x00007fff5e5c0000 - 0x00007fff5e5e5000 	C:\WINDOWS\SYSTEM32\dbgcore.DLL

VM Arguments:
jvm_args: -agentlib:jdwp=transport=dt_socket,suspend=y,address=localhost:11829 -Dfile.encoding=Cp1252 
java_command: Places
java_class_path (initial): C:\Users\mike\workspace\Zipcodes\bin
Launcher Type: SUN_STANDARD

Environment Variables:
PATH=C:/Program Files/Java/jre1.8.0_45/bin/server;C:/Program Files/Java/jre1.8.0_45/bin;C:/Program Files/Java/jre1.8.0_45/lib/amd64;C:\ProgramData\Oracle\Java\javapath;C:\Program Files (x86)\Rockwell Software\RSCommon;C:\Perl64\site\bin;C:\Perl64\bin;C:\Program Files (x86)\HP SimplePass 2011\x64;C:\Program Files (x86)\HP SimplePass 2011\;C:\WINDOWS\system32;C:\WINDOWS;C:\WINDOWS\System32\Wbem;C:\WINDOWS\System32\WindowsPowerShell\v1.0\;C:\Program Files (x86)\Common Files\Roxio Shared\DLLShared\;C:\Program Files (x86)\Common Files\Roxio Shared\12.0\DLLShared\;C:\Program Files (x86)\ATI Technologies\ATI.ACE\Core-Static;c:\Program Files (x86)\Microsoft SQL Server\100\Tools\Binn\;c:\Program Files\Microsoft SQL Server\100\Tools\Binn\;c:\Program Files\Microsoft SQL Server\100\DTS\Binn\;C:\Program Files (x86)\Microsoft ASP.NET\ASP.NET Web Pages\v1.0\;C:\Program Files\Microsoft SQL Server\110\Tools\Binn\;C:\Program Files\Intel\WiFi\bin\;C:\Program Files\Common Files\Intel\WirelessCommon\;C:\Program Files (x86)\Google\Google Apps Sync\;C:\Program Files (x86)\Google\Google Apps Migration\;C:\Program Files\Microsoft\Web Platform Installer\;c:\Program Files (x86)\Microsoft SQL Server\100\Tools\Binn\VSShell\Common7\IDE\;c:\Program Files (x86)\Microsoft SQL Server\100\DTS\Binn\;C:\Program Files\Google\Google Apps Migration\;C:\Program Files\Google\Google Apps Sync\;C:\Program Files (x86)\Windows Kits\8.1\Windows Performance Toolkit\;C:\Program Files (x86)\Microsoft SDKs\TypeScript\1.0\;C:\Program Files\TortoiseSVN\bin;C:\Program Files (x86)\Skype\Phone\;C:\WINDOWS\system32\config\systemprofile\.dnx\bin;C:\Program Files\Microsoft DNX\Dnvm\;C:\Program Files\Microsoft SQL Server\120\Tools\Binn\;C:\Program Files\Microsoft SQL Server\130\Tools\Binn\;C:\Program Files\TortoiseGit\bin;C:\Program Files\Git\cmd;C:\Ruby193\bin;C:\Program Files\Intel\WiFi\bin\;C:\Program Files\Common Files\Intel\WirelessCommon\;C:\cygwin64\bin\;C:\Program Files (x86)\eclipse;
USERNAME=mike
OS=Windows_NT
PROCESSOR_IDENTIFIER=Intel64 Family 6 Model 42 Stepping 7, GenuineIntel



---------------  S Y S T E M  ---------------

OS: Windows 10.0 , 64 bit Build 10586 (10.0.10586.0)

CPU:total 8 (4 cores per cpu, 2 threads per core) family 6 model 42 stepping 7, cmov, cx8, fxsr, mmx, sse, sse2, sse3, ssse3, sse4.1, sse4.2, popcnt, avx, aes, clmul, ht, tsc, tscinvbit

Memory: 4k page, physical 8335212k(3145660k free), swap 16723820k(5986324k free)

vm_info: Java HotSpot(TM) 64-Bit Server VM (25.45-b02) for windows-amd64 JRE (1.8.0_45-b14), built on Apr 10 2015 10:34:15 by "java_re" with MS VC++ 10.0 (VS2010)

time: Sun Jul 17 12:23:42 2016
elapsed time: 67 seconds (0d 0h 1m 7s)

